C51 COMPILER V9.01   MAIN                                                                  03/23/2017 21:27:58 PAGE 1   


C51 COMPILER V9.01, COMPILATION OF MODULE MAIN
OBJECT MODULE PLACED IN .\hex\main.obj
COMPILER INVOKED BY: D:\Keil_C51\C51\BIN\C51.EXE main\main.c INCDIR(.\fireSensor;.\main;.\motor;.\trace) PRINT(.\main.ls
                    -t) OBJECT(.\hex\main.obj)

line level    source

   1          #include <reg52.h>
   2          #include "motor.h"
   3          #include "trace.h"
   4          #include "firesensor.h"
   5          int  angle=0;
   6          bit  pwmFlag=0;
   7          sbit beep=P2^3;
   8          sbit angleMotor=P1^2;
   9          sbit fan=P2^5;                          //连接继电器的引脚，控制风扇
  10          //sbit IA=P2^5;
  11          uchar angleMotorCount=0;
  12          extern uint fireSensorAngle[5];
  13          extern char fireFlag;
  14          
  15          void delayms(uint xms)
  16          {
  17   1       uint i,j;
  18   1       for(i=xms;i>0;i--)
  19   1              for(j=110;j>0;j--);
  20   1      }
  21          
  22          
  23          
  24          
  25          
  26          
  27          void main(void)         
  28          {
  29   1              initWheelMotor();                               //初始化轮子舵机
  30   1              delayms(2);
  31   1              initAngleMotor();
  32   1              delayms(20);    
  33   1                                              //初始化角度舵机，控制风扇
  34   1              while(1)
  35   1              {       
  36   2                      ET0=1;
  37   2                      angle=checkFire();                      //传回度数
  38   2                      if(fireFlag<0)
  39   2                      {       
  40   3                              fan=0;                                  //关闭继电器
  41   3                              ET0=0;                                  //关闭角度舵机
  42   3                              trace();                                //如果没有火焰就循迹
  43   3                      }
  44   2                      else                                            //有火焰就灭火
  45   2                      {
  46   3                              delayms(800);                   //防止误测
  47   3                              if(fireFlag>0)
  48   3                              {       
  49   4                                      if(fan==0)
  50   4                                      {
  51   5                                              ET0=1;
  52   5                                              delayms(800);   //给时间转角度
  53   5                                              ET0=0;
  54   5                                      }       
C51 COMPILER V9.01   MAIN                                                                  03/23/2017 21:27:58 PAGE 2   

  55   4                                      fan=1;  
  56   4                                      delayms(3000);                          
  57   4                              }
  58   3                      }
  59   2              }
  60   1      }
  61          
  62          void Tim1forWheel(void) interrupt 3                             //两个轮子
  63          {
  64   1              EA=0;
  65   1              wheelMotorInterrupt();
  66   1              EA=1;
  67   1      }
  68          void Tim0forAngleMotor(void) interrupt 1
  69          {
  70   1              TR0=0;
  71   1              TH0=(65536-100)/256;
  72   1              TL0=(65536-100)%256;
  73   1              if(angle>angleMotorCount)                                 //18,最左，3最右
  74   1                       angleMotor=1;  
  75   1              else
  76   1                      angleMotor=0;
  77   1              angleMotorCount++;
  78   1              if(angleMotorCount>=200)
  79   1                      angleMotorCount=0;
  80   1              TR0=1;
  81   1      }


MODULE INFORMATION:   STATIC OVERLAYABLE
   CODE SIZE        =    238    ----
   CONSTANT SIZE    =   ----    ----
   XDATA SIZE       =   ----    ----
   PDATA SIZE       =   ----    ----
   DATA SIZE        =      3    ----
   IDATA SIZE       =   ----    ----
   BIT SIZE         =      1    ----
END OF MODULE INFORMATION.


C51 COMPILATION COMPLETE.  0 WARNING(S),  0 ERROR(S)
